Build started 2014-06-01 06:02:44 PM.
     1>Project "W:\cppprojects\ProjectEuler\ProjectEuler\ProjectEuler.vcxproj" on node 2 (Build target(s)).
     1>ClCompile:
         C:\Program Files (x86)\Microsoft Visual Studio 12.0\VC\bin\x86_amd64\CL.exe /c /Zi /nologo /W3 /WX- /sdl /O2 /Oi /GL /D _CRT_SECURE_NO_WARNINGS /D _MBCS /D _MBCS /Gm- /EHsc /MD /GS /Gy /fp:precise /Zc:wchar_t /Zc:forScope /Fo"x64\Release\\" /Fd"x64\Release\vc120.pdb" /Gd /TP /errorReport:prompt ..\src\ProjectEuler.cpp
         ProjectEuler.cpp
     1>w:\cppprojects\projecteuler\src\include\\ProblemSolutions\\Problem003.h(16): warning C4244: '=' : conversion from 'double' to 'uint64_t', possible loss of data
     1>w:\cppprojects\projecteuler\src\include\\ProblemSolutions\\Problem005.h(37): warning C4244: '*=' : conversion from 'double' to 'uint32_t', possible loss of data
     1>w:\cppprojects\projecteuler\src\include\\ProblemSolutions\\Problem009.h(32): warning C4244: '=' : conversion from 'double' to 'uint32_t', possible loss of data
     1>w:\cppprojects\projecteuler\src\include\problemsolutions\..\\Classes\\NumericGrid.h(55): warning C4244: 'argument' : conversion from 'uint16_t' to 'const unsigned char', possible loss of data
     1>w:\cppprojects\projecteuler\src\include\problemsolutions\..\\Classes\\NumericGrid.h(70): warning C4244: 'argument' : conversion from 'uint16_t' to 'const unsigned char', possible loss of data
     1>w:\cppprojects\projecteuler\src\include\problemsolutions\..\\Classes\\NumericGrid.h(89): warning C4244: 'argument' : conversion from 'uint16_t' to 'const unsigned char', possible loss of data
     1>w:\cppprojects\projecteuler\src\include\problemsolutions\..\\Classes\\NumericGrid.h(104): warning C4244: 'argument' : conversion from 'uint16_t' to 'const unsigned char', possible loss of data
     1>w:\cppprojects\projecteuler\src\include\\ProblemSolutions\\Problem013.h(36): warning C4244: '+=' : conversion from 'double' to 'uint64_t', possible loss of data
     1>w:\cppprojects\projecteuler\src\include\problemsolutions\..\\Classes\\NumericTriangle.h(37): warning C4244: '=' : conversion from 'double' to 'uint16_t', possible loss of data
     1>w:\cppprojects\projecteuler\src\include\problemsolutions\..\\Classes\\Date.h(28): warning C4244: 'return' : conversion from 'const uint16_t' to 'uint8_t', possible loss of data
     1>w:\cppprojects\projecteuler\src\include\problemsolutions\..\\OtherFunctions\\ExtractNDigitNums.h(24): warning C4244: '+=' : conversion from 'double' to 'uint8_t', possible loss of data
                 w:\cppprojects\projecteuler\src\include\\ProblemSolutions\\Problem011.h(34) : see reference to function template instantiation 'void ExtractNDigitNums<uint8_t,int>(std::vector<uint8_t,std::allocator<_Ty>> &,t)' being compiled
                 with
                 [
                     _Ty=uint8_t
         ,            t=int
                 ]
     1>w:\cppprojects\projecteuler\src\include\problemsolutions\..\\OtherFunctions\\GetLettersInNum.h(67): warning C4244: 'argument' : conversion from 'uint16_t' to 'const unsigned char', possible loss of data
                 w:\cppprojects\projecteuler\src\include\\ProblemSolutions\\Problem017.h(21) : see reference to function template instantiation 'uint8_t GetLettersInNum<uint16_t>(T)' being compiled
                 with
                 [
                     T=uint16_t
                 ]
     1>w:\cppprojects\projecteuler\src\include\problemsolutions\..\\OtherFunctions\\ExtractNDigitNums.h(24): warning C4244: '+=' : conversion from 'double' to 'uint16_t', possible loss of data
                 w:\cppprojects\projecteuler\src\include\\ProblemSolutions\\Problem018.h(36) : see reference to function template instantiation 'void ExtractNDigitNums<uint16_t,int>(std::vector<uint16_t,std::allocator<char16_t>> &,t)' being compiled
                 with
                 [
                     t=int
                 ]
     1>w:\cppprojects\projecteuler\src\include\otherfunctions\GetAllPrimesBelow.h(28): warning C4018: '<' : signed/unsigned mismatch
                 w:\cppprojects\projecteuler\src\include\problemsolutions\..\\OtherFunctions\\GetSumPrimesBelow.h(20) : see reference to function template instantiation 'std::vector<uint32_t,std::allocator<char32_t>> GetAllPrimesBelow<T>(T)' being compiled
                 with
                 [
                     T=int
                 ]
                 w:\cppprojects\projecteuler\src\include\\ProblemSolutions\\Problem010.h(16) : see reference to function template instantiation 'uint64_t GetSumPrimesBelow<int>(T)' being compiled
                 with
                 [
                     T=int
                 ]
     1>w:\cppprojects\projecteuler\src\include\otherfunctions\GetAllPrimesBelow.h(33): warning C4018: '<' : signed/unsigned mismatch
     1>w:\cppprojects\projecteuler\src\include\otherfunctions\GetAllFactors.h(60): warning C4244: 'argument' : conversion from 'double' to 'unsigned int', possible loss of data
                 w:\cppprojects\projecteuler\src\include\problemsolutions\..\\OtherFunctions\\SumAllFactors.h(14) : see reference to function template instantiation 'std::vector<uint32_t,std::allocator<char32_t>> GetAllFactors<T>(T)' being compiled
                 with
                 [
                     T=uint32_t
                 ]
                 w:\cppprojects\projecteuler\src\include\\ProblemSolutions\\Problem021.h(24) : see reference to function template instantiation 'uint64_t SumAllFactors<uint32_t>(T)' being compiled
                 with
                 [
                     T=uint32_t
                 ]
     1>w:\cppprojects\projecteuler\src\include\otherfunctions\GetAllFactors.h(61): warning C4244: 'argument' : conversion from 'double' to 'unsigned int', possible loss of data
       Link:
         C:\Program Files (x86)\Microsoft Visual Studio 12.0\VC\bin\x86_amd64\link.exe /ERRORREPORT:PROMPT /OUT:"W:\cppprojects\ProjectEuler\ProjectEuler\x64\Release\ProjectEuler.exe" /NOLOGO kernel32.lib user32.lib gdi32.lib winspool.lib comdlg32.lib advapi32.lib shell32.lib ole32.lib oleaut32.lib uuid.lib odbc32.lib odbccp32.lib /MANIFEST /MANIFESTUAC:"level='asInvoker' uiAccess='false'" /manifest:embed /DEBUG /PDB:"W:\cppprojects\ProjectEuler\ProjectEuler\x64\Release\ProjectEuler.pdb" /OPT:REF /OPT:ICF /LTCG /TLBID:1 /DYNAMICBASE /NXCOMPAT /IMPLIB:"W:\cppprojects\ProjectEuler\ProjectEuler\x64\Release\ProjectEuler.lib" /MACHINE:X64 x64\Release\ProjectEuler.obj
         Generating code
         Finished generating code
         ProjectEuler.vcxproj -> W:\cppprojects\ProjectEuler\ProjectEuler\x64\Release\ProjectEuler.exe
     1>Done Building Project "W:\cppprojects\ProjectEuler\ProjectEuler\ProjectEuler.vcxproj" (Build target(s)).

Build succeeded.

Time Elapsed 00:00:03.93
